<?xml version="1.0" encoding="UTF-8"?>
<!-- Generated by org.testng.reporters.JUnitReportReporter -->
<testsuite hostname="Chethan" failures="0" tests="8" name="test.GUIPageTese.GUIPageTest" time="33.877" errors="0" timestamp="2026-01-25T12:20:11 IST" skipped="0">
  <testcase classname="test.GUIPageTese.GUIPageTest" name="ShouldSelectSpecificDay" time="4.870"/>
  <testcase classname="test.GUIPageTese.GUIPageTest" name="shouldmatchPageTitle" time="3.705"/>
  <testcase classname="test.GUIPageTese.GUIPageTest" name="shouldSelectMaleGender" time="3.744"/>
  <testcase classname="test.GUIPageTese.GUIPageTest" name="shouldAddUserNameWithoutAnyIssues" time="4.232"/>
  <testcase classname="test.GUIPageTese.GUIPageTest" name="shouldSelectFemaleGender" time="3.816"/>
  <testcase classname="test.GUIPageTese.GUIPageTest" name="shouldOpenRightWebsite" time="5.501"/>
  <testcase classname="test.GUIPageTese.GUIPageTest" name="ShouldSelectContryWithoutAnyissues" time="3.816"/>
  <testcase classname="test.GUIPageTese.GUIPageTest" name="ShouldSelectAlltheDays" time="4.193"/>
</testsuite> <!-- test.GUIPageTese.GUIPageTest -->
