<?xml version="1.0" encoding="UTF-8"?>
<!-- Generated by org.testng.reporters.JUnitXMLReporter -->
<testsuite ignored="0" hostname="Chethan" failures="0" tests="7" name="E2E Tests" time="31.355" errors="0" timestamp="2026-01-23T16:05:00 IST">
  <testcase classname="test.landingPage.LandingPageTest" name="shouldEnterEmailWIthoutAnyIssue" time="0.342"/>
  <testcase classname="test.landingPage.LandingPageTest" name="shouldEnterNameWIthoutAnyIssue" time="0.094"/>
  <testcase classname="test.landingPage.LandingPageTest" name="shouldEnterPhNumberWithoutANyIssues" time="0.134"/>
  <testcase classname="test.landingPage.LandingPageTest" name="shouldMatchNameText" time="0.037"/>
  <testcase classname="test.landingPage.LandingPageTest" name="shouldMatchTitleName" time="0.027"/>
  <testcase classname="test.landingPage.LandingPageTest" name="shouldSelectFemalewithoutanyissues" time="0.031"/>
  <testcase classname="test.landingPage.LandingPageTest" name="shouldSelectMalewithoutanyIssues" time="0.02"/>
</testsuite> <!-- E2E Tests -->
