<?xml version="1.0" encoding="UTF-8"?>
<testng-results ignored="11" total="12" passed="1" failed="0" skipped="0">
  <reporter-output>
  </reporter-output>
  <suite started-at="2026-01-28T13:07:32 IST" name="Default suite" finished-at="2026-01-28T13:07:38 IST" duration-ms="6444">
    <groups>
    </groups>
    <test started-at="2026-01-28T13:07:32 IST" name="Default test" finished-at="2026-01-28T13:07:38 IST" duration-ms="6444">
      <class name="test.GUIPageTese.GUIPageTest">
        <test-method is-config="true" signature="launchWebsite()[pri:0, instance:test.GUIPageTese.GUIPageTest@618b19ad]" started-at="2026-01-28T13:07:32 IST" name="launchWebsite" finished-at="2026-01-28T13:07:37 IST" duration-ms="5395" status="PASS">
          <reporter-output>
          </reporter-output>
        </test-method> <!-- launchWebsite -->
        <test-method is-config="true" signature="SetUp()[pri:0, instance:test.GUIPageTese.GUIPageTest@618b19ad]" started-at="2026-01-28T13:07:37 IST" name="SetUp" finished-at="2026-01-28T13:07:37 IST" duration-ms="28" status="PASS">
          <reporter-output>
          </reporter-output>
        </test-method> <!-- SetUp -->
        <test-method signature="shouldSelectDatefromDatepicker1()[pri:0, instance:test.GUIPageTese.GUIPageTest@618b19ad]" started-at="2026-01-28T13:07:37 IST" name="shouldSelectDatefromDatepicker1" finished-at="2026-01-28T13:07:38 IST" duration-ms="773" status="PASS">
          <reporter-output>
          </reporter-output>
        </test-method> <!-- shouldSelectDatefromDatepicker1 -->
        <test-method is-config="true" signature="tearDown()[pri:0, instance:test.GUIPageTese.GUIPageTest@618b19ad]" started-at="2026-01-28T13:07:38 IST" name="tearDown" finished-at="2026-01-28T13:07:38 IST" duration-ms="215" status="PASS">
          <reporter-output>
          </reporter-output>
        </test-method> <!-- tearDown -->
      </class> <!-- test.GUIPageTese.GUIPageTest -->
    </test> <!-- Default test -->
  </suite> <!-- Default suite -->
</testng-results>
