<?xml version="1.0" encoding="UTF-8"?>
<!-- Generated by org.testng.reporters.JUnitXMLReporter -->
<testsuite ignored="0" hostname="Chethan" failures="0" tests="10" name="E2E" time="88.166" errors="0" timestamp="2026-01-28T11:39:45 IST">
  <testcase classname="test.GUIPageTese.GUIPageTest" name="ShouldSelectAlltheDays" time="0.428"/>
  <testcase classname="test.GUIPageTese.GUIPageTest" name="ShouldSelectContryWithoutAnyissues" time="0.131"/>
  <testcase classname="test.GUIPageTese.GUIPageTest" name="ShouldSelectSpecificDay" time="0.12"/>
  <testcase classname="test.GUIPageTese.GUIPageTest" name="shouldAddUserNameWithoutAnyIssues" time="0.07"/>
  <testcase classname="test.GUIPageTese.GUIPageTest" name="shouldOpenRightWebsite" time="0.014"/>
  <testcase classname="test.GUIPageTese.GUIPageTest" name="shouldSelectAllColors" time="0.095"/>
  <testcase classname="test.GUIPageTese.GUIPageTest" name="shouldSelectFemaleGender" time="0.098"/>
  <testcase classname="test.GUIPageTese.GUIPageTest" name="shouldSelectMaleGender" time="0.112"/>
  <testcase classname="test.GUIPageTese.GUIPageTest" name="shouldSelectSpecificColors" time="0.099"/>
  <testcase classname="test.GUIPageTese.GUIPageTest" name="shouldmatchPageTitle" time="0.028"/>
</testsuite> <!-- E2E -->
