<?xml version="1.0" encoding="UTF-8"?>
<!-- Generated by org.testng.reporters.JUnitXMLReporter -->
<testsuite ignored="0" hostname="Chethan" failures="0" tests="8" name="E2E" time="33.945" errors="0" timestamp="2026-01-25T12:20:11 IST">
  <testcase classname="test.GUIPageTese.GUIPageTest" name="ShouldSelectAlltheDays" time="0.514"/>
  <testcase classname="test.GUIPageTese.GUIPageTest" name="ShouldSelectContryWithoutAnyissues" time="0.117"/>
  <testcase classname="test.GUIPageTese.GUIPageTest" name="ShouldSelectSpecificDay" time="0.116"/>
  <testcase classname="test.GUIPageTese.GUIPageTest" name="shouldAddUserNameWithoutAnyIssues" time="0.085"/>
  <testcase classname="test.GUIPageTese.GUIPageTest" name="shouldOpenRightWebsite" time="0.014"/>
  <testcase classname="test.GUIPageTese.GUIPageTest" name="shouldSelectFemaleGender" time="0.076"/>
  <testcase classname="test.GUIPageTese.GUIPageTest" name="shouldSelectMaleGender" time="0.081"/>
  <testcase classname="test.GUIPageTese.GUIPageTest" name="shouldmatchPageTitle" time="0.031"/>
</testsuite> <!-- E2E -->
