<?xml version="1.0" encoding="UTF-8"?>
<testng-results ignored="10" total="11" passed="1" failed="0" skipped="0">
  <reporter-output>
  </reporter-output>
  <suite started-at="2026-01-23T17:20:54 IST" name="Default suite" finished-at="2026-01-23T17:21:00 IST" duration-ms="6200">
    <groups>
    </groups>
    <test started-at="2026-01-23T17:20:54 IST" name="Default test" finished-at="2026-01-23T17:21:00 IST" duration-ms="6200">
      <class name="test.landingPage.LandingPageTest">
        <test-method is-config="true" signature="launchBrowser()[pri:0, instance:test.landingPage.LandingPageTest@639c2c1d]" started-at="2026-01-23T17:20:54 IST" name="launchBrowser" finished-at="2026-01-23T17:20:59 IST" duration-ms="5440" status="PASS">
          <reporter-output>
          </reporter-output>
        </test-method> <!-- launchBrowser -->
        <test-method is-config="true" signature="setUpTest()[pri:0, instance:test.landingPage.LandingPageTest@639c2c1d]" started-at="2026-01-23T17:20:59 IST" name="setUpTest" finished-at="2026-01-23T17:20:59 IST" duration-ms="38" status="PASS">
          <reporter-output>
          </reporter-output>
        </test-method> <!-- setUpTest -->
        <test-method signature="DatePicker1()[pri:0, instance:test.landingPage.LandingPageTest@639c2c1d]" started-at="2026-01-23T17:20:59 IST" name="DatePicker1" finished-at="2026-01-23T17:21:00 IST" duration-ms="487" status="PASS">
          <reporter-output>
          </reporter-output>
        </test-method> <!-- DatePicker1 -->
        <test-method is-config="true" signature="closeBrowser()[pri:0, instance:test.landingPage.LandingPageTest@639c2c1d]" started-at="2026-01-23T17:21:00 IST" name="closeBrowser" finished-at="2026-01-23T17:21:00 IST" duration-ms="201" status="PASS">
          <reporter-output>
          </reporter-output>
        </test-method> <!-- closeBrowser -->
      </class> <!-- test.landingPage.LandingPageTest -->
    </test> <!-- Default test -->
  </suite> <!-- Default suite -->
</testng-results>
