<?xml version="1.0" encoding="UTF-8"?>
<!-- Generated by org.testng.reporters.JUnitXMLReporter -->
<testsuite ignored="11" hostname="Chethan" failures="0" tests="1" name="Default test" time="6.444" errors="0" timestamp="2026-01-28T13:07:38 IST">
  <testcase classname="test.GUIPageTese.GUIPageTest" name="shouldSelectDatefromDatepicker1" time="0.773"/>
  <testcase classname="test.GUIPageTese.GUIPageTest" name="ShouldSelectContryWithoutAnyissues" time="0.0">
    <ignored/>
  </testcase> <!-- ShouldSelectContryWithoutAnyissues -->
  <testcase classname="test.GUIPageTese.GUIPageTest" name="shouldSelectMaleGender" time="0.0">
    <ignored/>
  </testcase> <!-- shouldSelectMaleGender -->
  <testcase classname="test.GUIPageTese.GUIPageTest" name="shouldSelectSpecificColors" time="0.0">
    <ignored/>
  </testcase> <!-- shouldSelectSpecificColors -->
  <testcase classname="test.GUIPageTese.GUIPageTest" name="shouldSelectAllColors" time="0.0">
    <ignored/>
  </testcase> <!-- shouldSelectAllColors -->
  <testcase classname="test.GUIPageTese.GUIPageTest" name="ShouldSelectSpecificDay" time="0.0">
    <ignored/>
  </testcase> <!-- ShouldSelectSpecificDay -->
  <testcase classname="test.GUIPageTese.GUIPageTest" name="validatingSortOrder" time="0.0">
    <ignored/>
  </testcase> <!-- validatingSortOrder -->
  <testcase classname="test.GUIPageTese.GUIPageTest" name="shouldSelectFemaleGender" time="0.0">
    <ignored/>
  </testcase> <!-- shouldSelectFemaleGender -->
  <testcase classname="test.GUIPageTese.GUIPageTest" name="shouldAddUserNameWithoutAnyIssues" time="0.0">
    <ignored/>
  </testcase> <!-- shouldAddUserNameWithoutAnyIssues -->
  <testcase classname="test.GUIPageTese.GUIPageTest" name="shouldmatchPageTitle" time="0.0">
    <ignored/>
  </testcase> <!-- shouldmatchPageTitle -->
  <testcase classname="test.GUIPageTese.GUIPageTest" name="shouldOpenRightWebsite" time="0.0">
    <ignored/>
  </testcase> <!-- shouldOpenRightWebsite -->
  <testcase classname="test.GUIPageTese.GUIPageTest" name="ShouldSelectAlltheDays" time="0.0">
    <ignored/>
  </testcase> <!-- ShouldSelectAlltheDays -->
</testsuite> <!-- Default test -->
