<?xml version="1.0" encoding="UTF-8"?>
<!-- Generated by org.testng.reporters.JUnitXMLReporter -->
<testsuite ignored="10" hostname="Chethan" failures="0" tests="1" name="Default test" time="6.2" errors="0" timestamp="2026-01-23T17:21:00 IST">
  <testcase classname="test.landingPage.LandingPageTest" name="DatePicker1" time="0.487"/>
  <testcase classname="test.landingPage.LandingPageTest" name="shouldSelectSpecificCountry" time="0.0">
    <ignored/>
  </testcase> <!-- shouldSelectSpecificCountry -->
  <testcase classname="test.landingPage.LandingPageTest" name="shouldEnterNameWIthoutAnyIssue" time="0.0">
    <ignored/>
  </testcase> <!-- shouldEnterNameWIthoutAnyIssue -->
  <testcase classname="test.landingPage.LandingPageTest" name="shouldSelectAllDays" time="0.0">
    <ignored/>
  </testcase> <!-- shouldSelectAllDays -->
  <testcase classname="test.landingPage.LandingPageTest" name="shouldSelectFemalewithoutanyissues" time="0.0">
    <ignored/>
  </testcase> <!-- shouldSelectFemalewithoutanyissues -->
  <testcase classname="test.landingPage.LandingPageTest" name="shouldSelectMalewithoutanyIssues" time="0.0">
    <ignored/>
  </testcase> <!-- shouldSelectMalewithoutanyIssues -->
  <testcase classname="test.landingPage.LandingPageTest" name="shouldEnterEmailWIthoutAnyIssue" time="0.0">
    <ignored/>
  </testcase> <!-- shouldEnterEmailWIthoutAnyIssue -->
  <testcase classname="test.landingPage.LandingPageTest" name="shouldMatchNameText" time="0.0">
    <ignored/>
  </testcase> <!-- shouldMatchNameText -->
  <testcase classname="test.landingPage.LandingPageTest" name="shouldselectSpecificDay" time="0.0">
    <ignored/>
  </testcase> <!-- shouldselectSpecificDay -->
  <testcase classname="test.landingPage.LandingPageTest" name="shouldMatchTitleName" time="0.0">
    <ignored/>
  </testcase> <!-- shouldMatchTitleName -->
  <testcase classname="test.landingPage.LandingPageTest" name="shouldEnterPhNumberWithoutANyIssues" time="0.0">
    <ignored/>
  </testcase> <!-- shouldEnterPhNumberWithoutANyIssues -->
</testsuite> <!-- Default test -->
